{"level":"info","message":"EVENT: House Created. UBID: f198a9e9-1b0e-49e8-8b56-047af877a191","timestamp":"2023-03-26T18:21:34.163Z"}
{"level":"info","message":"EVENT: House Created. UBID: d50f9369-9a62-439f-8651-3840ca87f7c1","timestamp":"2023-03-26T18:21:34.193Z"}
{"level":"info","message":"EVENT: House Created. UBID: 878ab300-c0b3-40ec-9aae-77d00a7e61fb","timestamp":"2023-03-26T18:21:34.220Z"}
{"level":"info","message":"EVENT: House Created. UBID: 3f07621a-6d43-480b-bc2e-8d53dfc6b5eb","timestamp":"2023-03-26T18:21:34.254Z"}
{"level":"info","message":"EVENT: 4/4 houses added in bulk By an Admin","timestamp":"2023-03-26T18:21:34.255Z"}
{"level":"info","message":"EVENT: Residency Updated. UBID: d50f9369-9a62-439f-8651-3840ca87f7c1","timestamp":"2023-03-26T19:37:35.291Z"}
{"level":"info","message":"EVENT: Residency Updated. UBID: d50f9369-9a62-439f-8651-3840ca87f7c1","timestamp":"2023-03-26T19:37:48.905Z"}
{"level":"info","message":"EVENT: Residency Updated. UBID: d50f9369-9a62-439f-8651-3840ca87f7c1","timestamp":"2023-03-26T19:37:52.622Z"}
{"level":"info","message":"EVENT: Residency Updated. UBID: d50f9369-9a62-439f-8651-3840ca87f7c1","timestamp":"2023-03-26T19:37:56.540Z"}
{"level":"info","message":"EVENT: House Is already the registered. UBID: f198a9e9-1b0e-49e8-8b56-047af877a191","timestamp":"2023-03-26T19:51:53.720Z"}
{"level":"info","message":"EVENT: House Is already the registered. UBID: d50f9369-9a62-439f-8651-3840ca87f7c1","timestamp":"2023-03-26T19:51:53.780Z"}
{"level":"info","message":"EVENT: House Created. UBID: e94d1fb7-8ec3-4753-924c-92f38e33d87a","timestamp":"2023-03-26T19:51:53.860Z"}
{"level":"info","message":"EVENT: House Created. UBID: b5f8611d-5d5d-44a3-95ce-5c5d882e4227","timestamp":"2023-03-26T19:51:53.892Z"}
{"level":"info","message":"EVENT: House Created. UBID: 43b1c7b7-01d8-41e8-880e-ff7c36574e99","timestamp":"2023-03-26T19:51:53.916Z"}
{"level":"info","message":"EVENT: House Created. UBID: f9a187cf-9677-4a14-b66e-6d42f6b44c32","timestamp":"2023-03-26T19:51:53.937Z"}
{"level":"info","message":"EVENT: House Created. UBID: a1ad9d9c-6e36-4fc2-a6d2-2b06790a4cdd","timestamp":"2023-03-26T19:51:53.953Z"}
{"level":"info","message":"EVENT: House Created. UBID: 2d8dfcf5-817f-4aae-94c7-8d00f7525e48","timestamp":"2023-03-26T19:51:53.972Z"}
{"level":"info","message":"EVENT: House Created. UBID: b3c58e8f-8999-4745-b1a5-1cdd8fcfb144","timestamp":"2023-03-26T19:51:53.992Z"}
{"level":"info","message":"EVENT: House Created. UBID: c2f16e61-29f9-46d9-88b2-2b16e2390d75","timestamp":"2023-03-26T19:51:54.017Z"}
{"level":"info","message":"EVENT: House Created. UBID: 90c78b1f-44a9-4f80-ba68-6a3f54e2d6a4","timestamp":"2023-03-26T19:51:54.038Z"}
{"level":"info","message":"EVENT: House Created. UBID: 295771db-fecd-4a05-9d1e-10a343a6d3b6","timestamp":"2023-03-26T19:51:54.060Z"}
{"level":"info","message":"EVENT: House Created. UBID: 7e0de68e-5b24-41df-9c11-c120d3ee3f7d","timestamp":"2023-03-26T19:51:54.079Z"}
{"level":"info","message":"EVENT: House Created. UBID: 68f7c33d-2e20-464d-a95a-ee285fdafe98","timestamp":"2023-03-26T19:51:54.103Z"}
{"level":"info","message":"EVENT: House Created. UBID: ff2a2e71-1033-4981-b21d-3f8d0c6f199e","timestamp":"2023-03-26T19:51:54.122Z"}
{"level":"info","message":"EVENT: House Created. UBID: 0636d9bb-9e4a-4ab2-a53b-4f0818ad5b5a","timestamp":"2023-03-26T19:51:54.145Z"}
{"level":"info","message":"EVENT: House Created. UBID: ca66ddc9-9f9a-464c-b21f-7387f636a75e","timestamp":"2023-03-26T19:51:54.165Z"}
{"level":"info","message":"EVENT: House Created. UBID: 98f55014-02f7-4533-9dca-307a40b61f10","timestamp":"2023-03-26T19:51:54.180Z"}
{"level":"info","message":"EVENT: House Created. UBID: 2712e28e-47a1-4711-b0c3-b3fb9c95f5b5","timestamp":"2023-03-26T19:51:54.197Z"}
{"level":"info","message":"EVENT: House Created. UBID: a1d2b2ed-5a5b-44e7-9c75-9ee7aaf42f51","timestamp":"2023-03-26T19:51:54.213Z"}
{"level":"info","message":"EVENT: 18/20 houses added in bulk By an Admin","timestamp":"2023-03-26T19:51:54.214Z"}
{"level":"info","message":"EVENT: House Created. UBID: a4a501eb-c01d-4c4a-a4f8-53c0449b7a62","timestamp":"2023-03-26T19:53:15.084Z"}
{"level":"info","message":"EVENT: House Created. UBID: 78ec7a6a-fd6e-4956-b869-6af7cfc301ee","timestamp":"2023-03-26T19:53:15.102Z"}
{"level":"info","message":"EVENT: House Created. UBID: 9c601e0e-5b8f-45f6-b2f6-99ba31e3d6a9","timestamp":"2023-03-26T19:53:15.128Z"}
{"level":"info","message":"EVENT: House Created. UBID: 47ef6c06-6a80-49ab-a5bb-68c3345e59e5","timestamp":"2023-03-26T19:53:15.157Z"}
{"level":"info","message":"EVENT: House Created. UBID: c201a9f9-bb38-4f68-8e14-90f1d3c3fa3e","timestamp":"2023-03-26T19:53:15.191Z"}
{"level":"info","message":"EVENT: House Created. UBID: b6390e68-6c80-458f-9aa8-fc8d7a88a080","timestamp":"2023-03-26T19:53:15.206Z"}
{"level":"info","message":"EVENT: House Created. UBID: 62f98116-8cc2-4cc3-9fa3-3cc1203018e4","timestamp":"2023-03-26T19:53:15.222Z"}
{"level":"info","message":"EVENT: House Created. UBID: f0654ea4-4f60-4d33-b9f4-d56bf0517dc4","timestamp":"2023-03-26T19:53:15.240Z"}
{"level":"info","message":"EVENT: House Created. UBID: 8cf30f26-4f4c-4e4d-a8d9-c074c031dbbc","timestamp":"2023-03-26T19:53:15.267Z"}
{"level":"info","message":"EVENT: House Created. UBID: 98c72f8e-86a1-44f7-b6e3-cc8f2e9f2603","timestamp":"2023-03-26T19:53:15.289Z"}
{"level":"info","message":"EVENT: House Created. UBID: 471a91f6-2d1a-469f-b3e6-11a6d9f6c901","timestamp":"2023-03-26T19:53:15.305Z"}
{"level":"info","message":"EVENT: House Created. UBID: 555de6a1-b1a7-44e5-b28f-5b5c5d97e5f9","timestamp":"2023-03-26T19:53:15.328Z"}
{"level":"info","message":"EVENT: House Created. UBID: cb2d1bc7-5634-4a8a-8e47-92e99fa78f2e","timestamp":"2023-03-26T19:53:15.348Z"}
{"level":"info","message":"EVENT: House Created. UBID: 44d14d68-bae5-4283-9da3-e34290068a12","timestamp":"2023-03-26T19:53:15.371Z"}
{"level":"info","message":"EVENT: House Created. UBID: f5ce7cf5-5e5d-48b1-9a9c-9c328b97f8b6","timestamp":"2023-03-26T19:53:15.386Z"}
{"level":"info","message":"EVENT: House Created. UBID: f3fc9426-e999-4d27-8a19-6c2401dbd13f","timestamp":"2023-03-26T19:53:15.413Z"}
{"level":"info","message":"EVENT: House Created. UBID: ba8444a4-4f4b-4b4f-87a4-72fa2c32df10","timestamp":"2023-03-26T19:53:15.435Z"}
{"level":"info","message":"EVENT: House Created. UBID: 8c846fbb-12ad-4b4e-8b8a-4a13a1c9b9dd","timestamp":"2023-03-26T19:53:15.449Z"}
{"level":"info","message":"EVENT: House Created. UBID: 8e6b6093-4683-4393-90f3-2d1a9990e3e9","timestamp":"2023-03-26T19:53:15.470Z"}
{"level":"info","message":"EVENT: House Created. UBID: 5dab2a1e-5b7c-48a3-bf7d-b48b61cfb935","timestamp":"2023-03-26T19:53:15.495Z"}
{"level":"info","message":"EVENT: 20/20 houses added in bulk By an Admin","timestamp":"2023-03-26T19:53:15.496Z"}
{"level":"info","message":"EVENT: House Created. UBID: 3a8e42af-25d7-44c5-b1f7-38d0e1b2e889","timestamp":"2023-03-26T19:57:31.753Z"}
{"level":"info","message":"EVENT: House Created. UBID: 9350bb9c-b211-4375-94ce-1c51e9430e5c","timestamp":"2023-03-26T19:57:31.773Z"}
{"level":"info","message":"EVENT: House Created. UBID: 5e5fbc3d-3aa5-42fa-9567-5c5ee5f2c5d5","timestamp":"2023-03-26T19:57:31.783Z"}
{"level":"info","message":"EVENT: House Created. UBID: 2a1a411a-7719-4489-8c19-95805704b5f1","timestamp":"2023-03-26T19:57:31.794Z"}
{"level":"info","message":"EVENT: House Created. UBID: 51e3476e-97d4-46b1-b201-080f0b8a1572","timestamp":"2023-03-26T19:57:31.806Z"}
{"level":"info","message":"EVENT: House Created. UBID: 286df817-fbe7-4f6c-bd7a-12f6208319a1","timestamp":"2023-03-26T19:57:31.827Z"}
{"level":"info","message":"EVENT: House Created. UBID: 6d11d7f4-e6f4-4bb4-8a07-4d405c73639c","timestamp":"2023-03-26T19:57:31.838Z"}
{"level":"info","message":"EVENT: House Created. UBID: f69fc720-8f7d-4b10-b24b-3f90eebf8d44","timestamp":"2023-03-26T19:57:31.850Z"}
{"level":"info","message":"EVENT: House Created. UBID: e153f267-4179-4e8c-aa1d-14298e7e4660","timestamp":"2023-03-26T19:57:31.860Z"}
{"level":"info","message":"EVENT: House Created. UBID: 2318a2e1-dc9f-4289-ba56-0f73141d719e","timestamp":"2023-03-26T19:57:31.873Z"}
{"level":"info","message":"EVENT: House Created. UBID: 93b5f16f-bc63-4523-9e88-3a03d6357328","timestamp":"2023-03-26T19:57:31.889Z"}
{"level":"info","message":"EVENT: House Created. UBID: 1050ccaa-8322-40e7-9c0c-8d688e9dd88c","timestamp":"2023-03-26T19:57:31.901Z"}
{"level":"info","message":"EVENT: House Created. UBID: 1ca18484-0b0e-4c4b-9a4b-2963ecf77e92","timestamp":"2023-03-26T19:57:31.916Z"}
{"level":"info","message":"EVENT: House Created. UBID: 31d7dc01-c6a2-4d91-8b0d-2f2a994c9b9f","timestamp":"2023-03-26T19:57:31.931Z"}
{"level":"info","message":"EVENT: House Created. UBID: e1d937c5-7f6c-4086-b8b6-ecae6f01bb15","timestamp":"2023-03-26T19:57:31.952Z"}
{"level":"info","message":"EVENT: House Created. UBID: ac9241b8-2a2d-461d-b4b4-4e90465f16d4","timestamp":"2023-03-26T19:57:31.968Z"}
{"level":"info","message":"EVENT: House Created. UBID: f4a1ec9f-8bfa-4d47-a10f-eac6fc8f4912","timestamp":"2023-03-26T19:57:31.983Z"}
{"level":"info","message":"EVENT: House Created. UBID: d38e7d6a-d936-4c1f-bcb4-48cbb6c9b3f8","timestamp":"2023-03-26T19:57:32.000Z"}
{"level":"info","message":"EVENT: House Created. UBID: 926f80d3-7046-4a05-b8c6-4b4f4ff4a9db","timestamp":"2023-03-26T19:57:32.025Z"}
{"level":"info","message":"EVENT: House Created. UBID: 68a5cbea-77c2-4ca3-b3b3-24f112d71e68","timestamp":"2023-03-26T19:57:32.358Z"}
{"level":"info","message":"EVENT: House Created. UBID: 9a797fec-1255-47af-b50a-cd09059b8802","timestamp":"2023-03-26T19:57:32.374Z"}
{"level":"info","message":"EVENT: House Created. UBID: 5f5a5d7d-38a9-4681-92c9-36a41f066d39","timestamp":"2023-03-26T19:57:32.392Z"}
{"level":"info","message":"EVENT: House Created. UBID: cc0c2cc1-0da7-4685-9d9a-74f07b652f0c","timestamp":"2023-03-26T19:57:32.415Z"}
{"level":"info","message":"EVENT: House Created. UBID: db1093f3-3cdd-4d43-8dd9-f3ba98c0986a","timestamp":"2023-03-26T19:57:32.436Z"}
{"level":"info","message":"EVENT: 24/24 houses added in bulk By an Admin","timestamp":"2023-03-26T19:57:32.437Z"}
{"level":"info","message":"EVENT: Residency Updated. UBID: d50f9369-9a62-439f-8651-3840ca87f7c1","timestamp":"2023-03-26T19:59:31.060Z"}
{"level":"info","message":"EVENT: Residency Updated. UBID: d50f9369-9a62-439f-8651-3840ca87f7c1","timestamp":"2023-03-26T19:59:33.739Z"}
{"level":"info","message":"EVENT: Residency Updated. UBID: d50f9369-9a62-439f-8651-3840ca87f7c1","timestamp":"2023-03-26T19:59:38.613Z"}
{"level":"info","message":"EVENT: Residency Updated. UBID: d50f9369-9a62-439f-8651-3840ca87f7c1","timestamp":"2023-03-26T19:59:43.257Z"}
{"level":"info","message":"EVENT: Residency Updated. UBID: d50f9369-9a62-439f-8651-3840ca87f7c1","timestamp":"2023-03-26T19:59:47.267Z"}
{"level":"info","message":"EVENT: Residency Updated. UBID: d50f9369-9a62-439f-8651-3840ca87f7c1","timestamp":"2023-03-26T19:59:50.830Z"}
{"level":"info","message":"EVENT: Residency Updated. UBID: d50f9369-9a62-439f-8651-3840ca87f7c1","timestamp":"2023-03-26T19:59:57.554Z"}
{"level":"info","message":"EVENT: Residency Updated. UBID: d50f9369-9a62-439f-8651-3840ca87f7c1","timestamp":"2023-03-26T20:00:00.879Z"}
